Using pre-set license
Built from '2020.3/staging' branch; Version is '2020.3.11f1 (99c7afb366b3) revision 10078127'; Using compiler version '192528614'; Build Type 'Release'
OS: 'Windows 10 Home; OS build 19042.1052; Version 2009; 64bit' Language: 'en' Physical Memory: 8000 MB
BatchMode: 1, IsHumanControllingUs: 0, StartBugReporterOnCrash: 0, Is64bit: 1, IsPro: 0

 COMMAND LINE ARGUMENTS:
C:\Program Files\Unity\Hub\Editor\2020.3.11f1\Editor\Unity.exe
-adb2
-batchMode
-noUpm
-name
AssetImportWorker0
-projectPath
C:/UnityStuff/Breakout Style game
-logFile
Logs/AssetImportWorker0.log
-srvPort
50403
Successfully changed project path to: C:/UnityStuff/Breakout Style game
C:/UnityStuff/Breakout Style game
Using Asset Import Pipeline V2.
Refreshing native plugins compatible for Editor in 39.52 ms, found 3 plugins.
Preloading 0 native plugins for Editor in 0.00 ms.
Initialize engine version: 2020.3.11f1 (99c7afb366b3)
[Subsystems] Discovering subsystems at path C:/Program Files/Unity/Hub/Editor/2020.3.11f1/Editor/Data/Resources/UnitySubsystems
[Subsystems] Discovering subsystems at path C:/UnityStuff/Breakout Style game/Assets
GfxDevice: creating device client; threaded=0
Direct3D:
    Version:  Direct3D 11.0 [level 11.1]
    Renderer: Intel(R) UHD Graphics 620 (ID=0x5917)
    Vendor:   
    VRAM:     4000 MB
    Driver:   27.20.100.8854
Initialize mono
Mono path[0] = 'C:/Program Files/Unity/Hub/Editor/2020.3.11f1/Editor/Data/Managed'
Mono path[1] = 'C:/Program Files/Unity/Hub/Editor/2020.3.11f1/Editor/Data/MonoBleedingEdge/lib/mono/unityjit'
Mono config path = 'C:/Program Files/Unity/Hub/Editor/2020.3.11f1/Editor/Data/MonoBleedingEdge/etc'
Using monoOptions --debugger-agent=transport=dt_socket,embedding=1,server=y,suspend=n,address=127.0.0.1:56156
Begin MonoManager ReloadAssembly
Registering precompiled unity dll's ...
Register platform support module: C:/Program Files/Unity/Hub/Editor/2020.3.11f1/Editor/Data/PlaybackEngines/WebGLSupport/UnityEditor.WebGL.Extensions.dll
Register platform support module: C:/Program Files/Unity/Hub/Editor/2020.3.11f1/Editor/Data/PlaybackEngines/WindowsStandaloneSupport/UnityEditor.WindowsStandalone.Extensions.dll
Registered in 0.002517 seconds.
Native extension for WindowsStandalone target not found
Native extension for WebGL target not found
Refreshing native plugins compatible for Editor in 36.81 ms, found 3 plugins.
Preloading 0 native plugins for Editor in 0.00 ms.
Mono: successfully reloaded assembly
- Completed reload, in  1.147 seconds
Platform modules already initialized, skipping
Registering precompiled user dll's ...
Registered in 0.004472 seconds.
Begin MonoManager ReloadAssembly
Native extension for WindowsStandalone target not found
Native extension for WebGL target not found
Refreshing native plugins compatible for Editor in 34.73 ms, found 3 plugins.
Preloading 0 native plugins for Editor in 0.00 ms.
Mono: successfully reloaded assembly
- Completed reload, in  1.071 seconds
Platform modules already initialized, skipping
========================================================================
Worker process is ready to serve import requests
Launched and connected shader compiler UnityShaderCompiler.exe after 0.05 seconds
Refreshing native plugins compatible for Editor in 0.51 ms, found 3 plugins.
Preloading 0 native plugins for Editor in 0.00 ms.
Unloading 2085 Unused Serialized files (Serialized files now loaded: 0)
System memory in use before: 93.0 MB.
System memory in use after: 93.0 MB.

Unloading 33 unused Assets to reduce memory usage. Loaded Objects now: 2520.
Total: 2.601500 ms (FindLiveObjects: 0.241000 ms CreateObjectMapping: 0.104700 ms MarkObjects: 2.117300 ms  DeleteObjects: 0.137500 ms)

========================================================================
Received Import Request.
  path: Assets/Audio
  artifactKey: Guid(5b3fb1421d2851a4ba63a6aa011510e0) Importer(815301076,1909f56bfc062723c751e8b465ee728b)
Start importing Assets/Audio using Guid(5b3fb1421d2851a4ba63a6aa011510e0) Importer(815301076,1909f56bfc062723c751e8b465ee728b)  -> (artifact id: '33281d40ed23372282743bf184122710') in 0.011128 seconds
  Import took 0.014254 seconds .

========================================================================
Received Import Request.
  Time since last request: 20.326341 seconds.
  path: Assets/Audio/SFX_Bounce.ogg
  artifactKey: Guid(b6c01dd8c451e9041957d74c76412ecb) Importer(815301076,1909f56bfc062723c751e8b465ee728b)
Start importing Assets/Audio/SFX_Bounce.ogg using Guid(b6c01dd8c451e9041957d74c76412ecb) Importer(815301076,1909f56bfc062723c751e8b465ee728b)  -> (artifact id: '465f9ee234254e38fb6336d4d67f9ef9') in 0.240371 seconds
  Import took 0.245428 seconds .

========================================================================
Received Import Request.
  Time since last request: 0.000261 seconds.
  path: Assets/Audio/SFX_Click_3.ogg
  artifactKey: Guid(903bbb879c9d2cd4d88cbc21465eb132) Importer(815301076,1909f56bfc062723c751e8b465ee728b)
Start importing Assets/Audio/SFX_Click_3.ogg using Guid(903bbb879c9d2cd4d88cbc21465eb132) Importer(815301076,1909f56bfc062723c751e8b465ee728b)  -> (artifact id: 'cfd4d96157c8d937d1fa8a15ca802264') in 0.018023 seconds
  Import took 0.021186 seconds .

========================================================================
Received Import Request.
  Time since last request: 0.000236 seconds.
  path: Assets/Audio/SFX_Click_2.ogg
  artifactKey: Guid(61a0900090ce2be4f9f651b9dd0bb151) Importer(815301076,1909f56bfc062723c751e8b465ee728b)
Start importing Assets/Audio/SFX_Click_2.ogg using Guid(61a0900090ce2be4f9f651b9dd0bb151) Importer(815301076,1909f56bfc062723c751e8b465ee728b)  -> (artifact id: '6704f0c276bb686be6d0ecaa6229fc18') in 0.011802 seconds
  Import took 0.014969 seconds .

========================================================================
Received Import Request.
  Time since last request: 0.000269 seconds.
  path: Assets/Audio/SFX_Click.ogg
  artifactKey: Guid(27bbc39b4a80d3c4a9e2a1474e0c7488) Importer(815301076,1909f56bfc062723c751e8b465ee728b)
Start importing Assets/Audio/SFX_Click.ogg using Guid(27bbc39b4a80d3c4a9e2a1474e0c7488) Importer(815301076,1909f56bfc062723c751e8b465ee728b)  -> (artifact id: '92ee5f3207e86f3cb57ca0a90d98f52e') in 0.012171 seconds
  Import took 0.015301 seconds .

========================================================================
Received Import Request.
  Time since last request: 0.000251 seconds.
  path: Assets/Audio/SFX_Clunk.ogg
  artifactKey: Guid(3b1bd80ee575bf4469381f66bfd2a81a) Importer(815301076,1909f56bfc062723c751e8b465ee728b)
Start importing Assets/Audio/SFX_Clunk.ogg using Guid(3b1bd80ee575bf4469381f66bfd2a81a) Importer(815301076,1909f56bfc062723c751e8b465ee728b)  -> (artifact id: 'd8a679faee314f3b30a919a3c7fdbd47') in 0.010998 seconds
  Import took 0.014057 seconds .

========================================================================
Received Import Request.
  Time since last request: 177.297253 seconds.
  path: Assets/Scripts/Ball.cs
  artifactKey: Guid(88b820ef983e8424586f5728db62d50b) Importer(815301076,1909f56bfc062723c751e8b465ee728b)
Start importing Assets/Scripts/Ball.cs using Guid(88b820ef983e8424586f5728db62d50b) Importer(815301076,1909f56bfc062723c751e8b465ee728b)  -> (artifact id: '331527acdf5da0982ff8061cb52889b8') in 0.016798 seconds
  Import took 0.021176 seconds .

========================================================================
Received Import Request.
  Time since last request: 142.767870 seconds.
  path: Assets/Scripts/Ball.cs
  artifactKey: Guid(88b820ef983e8424586f5728db62d50b) Importer(815301076,1909f56bfc062723c751e8b465ee728b)
Start importing Assets/Scripts/Ball.cs using Guid(88b820ef983e8424586f5728db62d50b) Importer(815301076,1909f56bfc062723c751e8b465ee728b)  -> (artifact id: '6ef45b0dffa2d6896de8c8c7159c2507') in 0.005135 seconds
  Import took 0.010920 seconds .

========================================================================
Received Import Request.
  Time since last request: 0.000758 seconds.
  path: Assets/Scripts/Ball.cs
  artifactKey: Guid(88b820ef983e8424586f5728db62d50b) Importer(815301076,1909f56bfc062723c751e8b465ee728b)
Start importing Assets/Scripts/Ball.cs using Guid(88b820ef983e8424586f5728db62d50b) Importer(815301076,1909f56bfc062723c751e8b465ee728b)  -> (artifact id: '6ef45b0dffa2d6896de8c8c7159c2507') in 0.003238 seconds
  Import took 0.010882 seconds .

========================================================================
Received Prepare
Registering precompiled user dll's ...
Registered in 0.008711 seconds.
Begin MonoManager ReloadAssembly
Native extension for WindowsStandalone target not found
Native extension for WebGL target not found
Refreshing native plugins compatible for Editor in 0.45 ms, found 3 plugins.
Preloading 0 native plugins for Editor in 0.00 ms.
Mono: successfully reloaded assembly
- Completed reload, in  0.997 seconds
Platform modules already initialized, skipping
Refreshing native plugins compatible for Editor in 0.44 ms, found 3 plugins.
Preloading 0 native plugins for Editor in 0.00 ms.
Unloading 2080 Unused Serialized files (Serialized files now loaded: 0)
System memory in use before: 96.0 MB.
System memory in use after: 95.9 MB.

Unloading 21 unused Assets to reduce memory usage. Loaded Objects now: 2533.
Total: 2.539000 ms (FindLiveObjects: 0.210700 ms CreateObjectMapping: 0.059700 ms MarkObjects: 2.128000 ms  DeleteObjects: 0.139800 ms)

========================================================================
Received Prepare
Registering precompiled user dll's ...
Registered in 0.004088 seconds.
Begin MonoManager ReloadAssembly
Native extension for WindowsStandalone target not found
Native extension for WebGL target not found
Refreshing native plugins compatible for Editor in 0.45 ms, found 3 plugins.
Preloading 0 native plugins for Editor in 0.00 ms.
Mono: successfully reloaded assembly
- Completed reload, in  0.990 seconds
Platform modules already initialized, skipping
Refreshing native plugins compatible for Editor in 0.53 ms, found 3 plugins.
Preloading 0 native plugins for Editor in 0.00 ms.
Unloading 2080 Unused Serialized files (Serialized files now loaded: 0)
System memory in use before: 96.0 MB.
System memory in use after: 96.0 MB.

Unloading 21 unused Assets to reduce memory usage. Loaded Objects now: 2537.
Total: 2.490500 ms (FindLiveObjects: 0.231600 ms CreateObjectMapping: 0.067600 ms MarkObjects: 2.078100 ms  DeleteObjects: 0.112300 ms)

========================================================================
Received Prepare
Registering precompiled user dll's ...
Registered in 0.005119 seconds.
Begin MonoManager ReloadAssembly
Native extension for WindowsStandalone target not found
Native extension for WebGL target not found
Refreshing native plugins compatible for Editor in 0.49 ms, found 3 plugins.
Preloading 0 native plugins for Editor in 0.00 ms.
Mono: successfully reloaded assembly
- Completed reload, in  0.988 seconds
Platform modules already initialized, skipping
Refreshing native plugins compatible for Editor in 0.46 ms, found 3 plugins.
Preloading 0 native plugins for Editor in 0.00 ms.
Unloading 2080 Unused Serialized files (Serialized files now loaded: 0)
System memory in use before: 96.0 MB.
System memory in use after: 96.0 MB.

Unloading 21 unused Assets to reduce memory usage. Loaded Objects now: 2541.
Total: 2.294900 ms (FindLiveObjects: 0.181200 ms CreateObjectMapping: 0.064700 ms MarkObjects: 1.906000 ms  DeleteObjects: 0.142000 ms)

========================================================================
Received Import Request.
  Time since last request: 144.926087 seconds.
  path: Assets/Scripts/Ball.cs
  artifactKey: Guid(88b820ef983e8424586f5728db62d50b) Importer(815301076,1909f56bfc062723c751e8b465ee728b)
Start importing Assets/Scripts/Ball.cs using Guid(88b820ef983e8424586f5728db62d50b) Importer(815301076,1909f56bfc062723c751e8b465ee728b)  -> (artifact id: 'd37f70c425a832877f43e7ddc5fa4d4d') in 0.005403 seconds
  Import took 0.009798 seconds .

========================================================================
Received Prepare
Registering precompiled user dll's ...
Registered in 0.004140 seconds.
Begin MonoManager ReloadAssembly
Native extension for WindowsStandalone target not found
Native extension for WebGL target not found
Refreshing native plugins compatible for Editor in 0.45 ms, found 3 plugins.
Preloading 0 native plugins for Editor in 0.00 ms.
Mono: successfully reloaded assembly
- Completed reload, in  0.983 seconds
Platform modules already initialized, skipping
Refreshing native plugins compatible for Editor in 0.50 ms, found 3 plugins.
Preloading 0 native plugins for Editor in 0.00 ms.
Unloading 2080 Unused Serialized files (Serialized files now loaded: 0)
System memory in use before: 96.0 MB.
System memory in use after: 96.0 MB.

Unloading 21 unused Assets to reduce memory usage. Loaded Objects now: 2545.
Total: 2.430500 ms (FindLiveObjects: 0.216300 ms CreateObjectMapping: 0.059600 ms MarkObjects: 2.018200 ms  DeleteObjects: 0.135700 ms)

========================================================================
Received Prepare
Registering precompiled user dll's ...
Registered in 0.004159 seconds.
Begin MonoManager ReloadAssembly
Native extension for WindowsStandalone target not found
Native extension for WebGL target not found
Refreshing native plugins compatible for Editor in 0.45 ms, found 3 plugins.
Preloading 0 native plugins for Editor in 0.00 ms.
Mono: successfully reloaded assembly
- Completed reload, in  1.018 seconds
Platform modules already initialized, skipping
Refreshing native plugins compatible for Editor in 0.46 ms, found 3 plugins.
Preloading 0 native plugins for Editor in 0.00 ms.
Unloading 2080 Unused Serialized files (Serialized files now loaded: 0)
System memory in use before: 96.1 MB.
System memory in use after: 96.0 MB.

Unloading 21 unused Assets to reduce memory usage. Loaded Objects now: 2549.
Total: 2.562500 ms (FindLiveObjects: 0.219400 ms CreateObjectMapping: 0.062100 ms MarkObjects: 2.113300 ms  DeleteObjects: 0.166900 ms)

========================================================================
Received Prepare
Registering precompiled user dll's ...
Registered in 0.005082 seconds.
Begin MonoManager ReloadAssembly
Native extension for WindowsStandalone target not found
Native extension for WebGL target not found
Refreshing native plugins compatible for Editor in 0.45 ms, found 3 plugins.
Preloading 0 native plugins for Editor in 0.00 ms.
Mono: successfully reloaded assembly
- Completed reload, in  0.927 seconds
Platform modules already initialized, skipping
Refreshing native plugins compatible for Editor in 0.48 ms, found 3 plugins.
Preloading 0 native plugins for Editor in 0.00 ms.
Unloading 2080 Unused Serialized files (Serialized files now loaded: 0)
System memory in use before: 96.1 MB.
System memory in use after: 96.1 MB.

Unloading 21 unused Assets to reduce memory usage. Loaded Objects now: 2553.
Total: 2.397900 ms (FindLiveObjects: 0.184200 ms CreateObjectMapping: 0.072800 ms MarkObjects: 1.955400 ms  DeleteObjects: 0.184400 ms)

========================================================================
Received Import Request.
  Time since last request: 676.299134 seconds.
  path: Assets/Scenes/Level 2.unity
  artifactKey: Guid(56922a30e76a9c14aa8597706f23739a) Importer(815301076,1909f56bfc062723c751e8b465ee728b)
Start importing Assets/Scenes/Level 2.unity using Guid(56922a30e76a9c14aa8597706f23739a) Importer(815301076,1909f56bfc062723c751e8b465ee728b)  -> (artifact id: '3e318823d3b3d48cc5c19abac5b8b8b0') in 0.027450 seconds
  Import took 0.031899 seconds .

========================================================================
Received Prepare
Registering precompiled user dll's ...
Registered in 0.004117 seconds.
Begin MonoManager ReloadAssembly
Native extension for WindowsStandalone target not found
Native extension for WebGL target not found
Refreshing native plugins compatible for Editor in 0.40 ms, found 3 plugins.
Preloading 0 native plugins for Editor in 0.00 ms.
Mono: successfully reloaded assembly
- Completed reload, in  0.946 seconds
Platform modules already initialized, skipping
Refreshing native plugins compatible for Editor in 0.46 ms, found 3 plugins.
Preloading 0 native plugins for Editor in 0.00 ms.
Unloading 2080 Unused Serialized files (Serialized files now loaded: 0)
System memory in use before: 96.1 MB.
System memory in use after: 96.1 MB.

Unloading 21 unused Assets to reduce memory usage. Loaded Objects now: 2557.
Total: 2.324300 ms (FindLiveObjects: 0.180200 ms CreateObjectMapping: 0.064400 ms MarkObjects: 1.958300 ms  DeleteObjects: 0.120400 ms)

========================================================================
Received Prepare
Registering precompiled user dll's ...
Registered in 0.004164 seconds.
Begin MonoManager ReloadAssembly
Native extension for WindowsStandalone target not found
Native extension for WebGL target not found
Refreshing native plugins compatible for Editor in 0.45 ms, found 3 plugins.
Preloading 0 native plugins for Editor in 0.00 ms.
Mono: successfully reloaded assembly
- Completed reload, in  0.939 seconds
Platform modules already initialized, skipping
Refreshing native plugins compatible for Editor in 0.44 ms, found 3 plugins.
Preloading 0 native plugins for Editor in 0.00 ms.
Unloading 2080 Unused Serialized files (Serialized files now loaded: 0)
System memory in use before: 96.1 MB.
System memory in use after: 96.1 MB.

Unloading 21 unused Assets to reduce memory usage. Loaded Objects now: 2561.
Total: 2.495300 ms (FindLiveObjects: 0.218000 ms CreateObjectMapping: 0.065600 ms MarkObjects: 2.056500 ms  DeleteObjects: 0.154300 ms)

========================================================================
Received Import Request.
  Time since last request: 71.120737 seconds.
  path: Assets/Scenes/Level 1.unity
  artifactKey: Guid(0ff257ac33c42f34d9e6e3fe4dc6b077) Importer(815301076,1909f56bfc062723c751e8b465ee728b)
Start importing Assets/Scenes/Level 1.unity using Guid(0ff257ac33c42f34d9e6e3fe4dc6b077) Importer(815301076,1909f56bfc062723c751e8b465ee728b)  -> (artifact id: 'c765705f489295a4bee96ab553aa6102') in 0.024553 seconds
  Import took 0.031008 seconds .

========================================================================
Received Import Request.
  Time since last request: 49.854541 seconds.
  path: Assets/Prefabs/Ball.prefab
  artifactKey: Guid(c98fe77119f675048b1f8bf2cf644080) Importer(815301076,1909f56bfc062723c751e8b465ee728b)
Start importing Assets/Prefabs/Ball.prefab using Guid(c98fe77119f675048b1f8bf2cf644080) Importer(815301076,1909f56bfc062723c751e8b465ee728b)  -> (artifact id: '37db71046c5a2515fab194e8344ecb6b') in 0.081898 seconds
  Import took 0.088954 seconds .

========================================================================
Received Import Request.
  Time since last request: 6.527197 seconds.
  path: Assets/Prefabs/Ball.prefab
  artifactKey: Guid(c98fe77119f675048b1f8bf2cf644080) Importer(815301076,1909f56bfc062723c751e8b465ee728b)
Start importing Assets/Prefabs/Ball.prefab using Guid(c98fe77119f675048b1f8bf2cf644080) Importer(815301076,1909f56bfc062723c751e8b465ee728b)  -> (artifact id: '740ee765b384ba7a5f0f511122306c21') in 0.024345 seconds
  Import took 0.031617 seconds .

========================================================================
Received Import Request.
  Time since last request: 14.370571 seconds.
  path: Assets/Scenes/Level 2.unity
  artifactKey: Guid(56922a30e76a9c14aa8597706f23739a) Importer(815301076,1909f56bfc062723c751e8b465ee728b)
Start importing Assets/Scenes/Level 2.unity using Guid(56922a30e76a9c14aa8597706f23739a) Importer(815301076,1909f56bfc062723c751e8b465ee728b)  -> (artifact id: '4011ded09e0c5b5c4ae9f173668e7eec') in 0.005166 seconds
  Import took 0.011079 seconds .

========================================================================
Received Import Request.
  Time since last request: 0.002102 seconds.
  path: Assets/Scenes/Level 2.unity
  artifactKey: Guid(56922a30e76a9c14aa8597706f23739a) Importer(815301076,1909f56bfc062723c751e8b465ee728b)
Start importing Assets/Scenes/Level 2.unity using Guid(56922a30e76a9c14aa8597706f23739a) Importer(815301076,1909f56bfc062723c751e8b465ee728b)  -> (artifact id: '4011ded09e0c5b5c4ae9f173668e7eec') in 0.005164 seconds
  Import took 0.010627 seconds .

========================================================================
Received Prepare
Registering precompiled user dll's ...
Registered in 0.004690 seconds.
Begin MonoManager ReloadAssembly
Native extension for WindowsStandalone target not found
Native extension for WebGL target not found
Refreshing native plugins compatible for Editor in 0.46 ms, found 3 plugins.
Preloading 0 native plugins for Editor in 0.00 ms.
Mono: successfully reloaded assembly
- Completed reload, in  1.000 seconds
Platform modules already initialized, skipping
Refreshing native plugins compatible for Editor in 0.50 ms, found 3 plugins.
Preloading 0 native plugins for Editor in 0.00 ms.
Unloading 2080 Unused Serialized files (Serialized files now loaded: 0)
System memory in use before: 96.1 MB.
System memory in use after: 96.1 MB.

Unloading 21 unused Assets to reduce memory usage. Loaded Objects now: 2566.
Total: 2.312400 ms (FindLiveObjects: 0.196500 ms CreateObjectMapping: 0.062400 ms MarkObjects: 1.936200 ms  DeleteObjects: 0.116300 ms)

========================================================================
Received Import Request.
  Time since last request: 212.205598 seconds.
  path: Assets/Prefabs/Block.prefab
  artifactKey: Guid(e9ae0c24f98183a40a2c2d0b94924043) Importer(815301076,1909f56bfc062723c751e8b465ee728b)
Start importing Assets/Prefabs/Block.prefab using Guid(e9ae0c24f98183a40a2c2d0b94924043) Importer(815301076,1909f56bfc062723c751e8b465ee728b)  -> (artifact id: '5b41ef3e93c854506d25cd3596eb20a8') in 0.054519 seconds
  Import took 0.059353 seconds .

========================================================================
Received Import Request.
  Time since last request: 9.986952 seconds.
  path: Assets/Prefabs/Block.prefab
  artifactKey: Guid(e9ae0c24f98183a40a2c2d0b94924043) Importer(815301076,1909f56bfc062723c751e8b465ee728b)
Start importing Assets/Prefabs/Block.prefab using Guid(e9ae0c24f98183a40a2c2d0b94924043) Importer(815301076,1909f56bfc062723c751e8b465ee728b)  -> (artifact id: 'e11647998cc0c95794447803372be51c') in 0.024628 seconds
  Import took 0.033501 seconds .

========================================================================
Received Prepare
Registering precompiled user dll's ...
Registered in 0.004636 seconds.
Begin MonoManager ReloadAssembly
Native extension for WindowsStandalone target not found
Native extension for WebGL target not found
Refreshing native plugins compatible for Editor in 0.44 ms, found 3 plugins.
Preloading 0 native plugins for Editor in 0.00 ms.
Mono: successfully reloaded assembly
- Completed reload, in  1.036 seconds
Platform modules already initialized, skipping
Refreshing native plugins compatible for Editor in 0.44 ms, found 3 plugins.
Preloading 0 native plugins for Editor in 0.00 ms.
Unloading 2080 Unused Serialized files (Serialized files now loaded: 0)
System memory in use before: 96.2 MB.
System memory in use after: 96.2 MB.

Unloading 21 unused Assets to reduce memory usage. Loaded Objects now: 2571.
Total: 2.308300 ms (FindLiveObjects: 0.184300 ms CreateObjectMapping: 0.067000 ms MarkObjects: 1.913900 ms  DeleteObjects: 0.142300 ms)

========================================================================
Received Prepare
Registering precompiled user dll's ...
Registered in 0.004164 seconds.
Begin MonoManager ReloadAssembly
Native extension for WindowsStandalone target not found
Native extension for WebGL target not found
Refreshing native plugins compatible for Editor in 0.55 ms, found 3 plugins.
Preloading 0 native plugins for Editor in 0.00 ms.
Mono: successfully reloaded assembly
- Completed reload, in  0.966 seconds
Platform modules already initialized, skipping
Refreshing native plugins compatible for Editor in 0.47 ms, found 3 plugins.
Preloading 0 native plugins for Editor in 0.00 ms.
Unloading 2080 Unused Serialized files (Serialized files now loaded: 0)
System memory in use before: 96.2 MB.
System memory in use after: 96.2 MB.

Unloading 21 unused Assets to reduce memory usage. Loaded Objects now: 2575.
Total: 2.342300 ms (FindLiveObjects: 0.183800 ms CreateObjectMapping: 0.070400 ms MarkObjects: 1.973000 ms  DeleteObjects: 0.114100 ms)

========================================================================
Received Import Request.
  Time since last request: 431.482893 seconds.
  path: Assets/Prefabs/Level.prefab
  artifactKey: Guid(5f795b28d068e284ba46de89d9b7298f) Importer(815301076,1909f56bfc062723c751e8b465ee728b)
Start importing Assets/Prefabs/Level.prefab using Guid(5f795b28d068e284ba46de89d9b7298f) Importer(815301076,1909f56bfc062723c751e8b465ee728b)  -> (artifact id: 'a14c8ebeb22caf2f39f5006c58c0413e') in 0.040626 seconds
  Import took 0.047289 seconds .

========================================================================
Received Import Request.
  Time since last request: 0.003782 seconds.
  path: Assets/Prefabs/Level.prefab
  artifactKey: Guid(5f795b28d068e284ba46de89d9b7298f) Importer(815301076,1909f56bfc062723c751e8b465ee728b)
Start importing Assets/Prefabs/Level.prefab using Guid(5f795b28d068e284ba46de89d9b7298f) Importer(815301076,1909f56bfc062723c751e8b465ee728b)  -> (artifact id: 'a14c8ebeb22caf2f39f5006c58c0413e') in 0.005745 seconds
  Import took 0.011034 seconds .

========================================================================
Received Prepare
Registering precompiled user dll's ...
Registered in 0.006200 seconds.
Begin MonoManager ReloadAssembly
Native extension for WindowsStandalone target not found
Native extension for WebGL target not found
Refreshing native plugins compatible for Editor in 0.47 ms, found 3 plugins.
Preloading 0 native plugins for Editor in 0.00 ms.
Mono: successfully reloaded assembly
- Completed reload, in  1.143 seconds
Platform modules already initialized, skipping
Refreshing native plugins compatible for Editor in 0.51 ms, found 3 plugins.
Preloading 0 native plugins for Editor in 0.00 ms.
Unloading 2081 Unused Serialized files (Serialized files now loaded: 0)
System memory in use before: 96.2 MB.
System memory in use after: 96.2 MB.

Unloading 21 unused Assets to reduce memory usage. Loaded Objects now: 2580.
Total: 2.655200 ms (FindLiveObjects: 0.246700 ms CreateObjectMapping: 0.082900 ms MarkObjects: 2.206900 ms  DeleteObjects: 0.117600 ms)

========================================================================
Received Prepare
Registering precompiled user dll's ...
Registered in 0.015700 seconds.
Begin MonoManager ReloadAssembly
Native extension for WindowsStandalone target not found
Native extension for WebGL target not found
Refreshing native plugins compatible for Editor in 0.52 ms, found 3 plugins.
Preloading 0 native plugins for Editor in 0.00 ms.
Mono: successfully reloaded assembly
- Completed reload, in  1.270 seconds
Platform modules already initialized, skipping
Refreshing native plugins compatible for Editor in 0.91 ms, found 3 plugins.
Preloading 0 native plugins for Editor in 0.00 ms.
Unloading 2081 Unused Serialized files (Serialized files now loaded: 0)
System memory in use before: 96.2 MB.
System memory in use after: 96.2 MB.

Unloading 21 unused Assets to reduce memory usage. Loaded Objects now: 2584.
Total: 3.823200 ms (FindLiveObjects: 0.376500 ms CreateObjectMapping: 0.165700 ms MarkObjects: 3.110200 ms  DeleteObjects: 0.169100 ms)

========================================================================
Received Prepare
Registering precompiled user dll's ...
Registered in 0.006432 seconds.
Begin MonoManager ReloadAssembly
Native extension for WindowsStandalone target not found
Native extension for WebGL target not found
Refreshing native plugins compatible for Editor in 0.47 ms, found 3 plugins.
Preloading 0 native plugins for Editor in 0.00 ms.
Mono: successfully reloaded assembly
- Completed reload, in  1.011 seconds
Platform modules already initialized, skipping
Refreshing native plugins compatible for Editor in 0.47 ms, found 3 plugins.
Preloading 0 native plugins for Editor in 0.00 ms.
Unloading 2081 Unused Serialized files (Serialized files now loaded: 0)
System memory in use before: 96.2 MB.
System memory in use after: 96.2 MB.

Unloading 21 unused Assets to reduce memory usage. Loaded Objects now: 2588.
Total: 2.482800 ms (FindLiveObjects: 0.218300 ms CreateObjectMapping: 0.059300 ms MarkObjects: 2.057400 ms  DeleteObjects: 0.146900 ms)

========================================================================
Received Import Request.
  Time since last request: 381.388762 seconds.
  path: Assets/Prefabs/Block.prefab
  artifactKey: Guid(e9ae0c24f98183a40a2c2d0b94924043) Importer(815301076,1909f56bfc062723c751e8b465ee728b)
Start importing Assets/Prefabs/Block.prefab using Guid(e9ae0c24f98183a40a2c2d0b94924043) Importer(815301076,1909f56bfc062723c751e8b465ee728b)  -> (artifact id: '16de322b8a6a0332bdf1f814e6ac2398') in 0.048527 seconds
  Import took 0.052500 seconds .

========================================================================
Received Prepare
Registering precompiled user dll's ...
Registered in 0.004638 seconds.
Begin MonoManager ReloadAssembly
Native extension for WindowsStandalone target not found
Native extension for WebGL target not found
Refreshing native plugins compatible for Editor in 0.45 ms, found 3 plugins.
Preloading 0 native plugins for Editor in 0.00 ms.
Mono: successfully reloaded assembly
- Completed reload, in  0.958 seconds
Platform modules already initialized, skipping
Refreshing native plugins compatible for Editor in 0.47 ms, found 3 plugins.
Preloading 0 native plugins for Editor in 0.00 ms.
Unloading 2081 Unused Serialized files (Serialized files now loaded: 0)
System memory in use before: 96.2 MB.
System memory in use after: 96.2 MB.

Unloading 21 unused Assets to reduce memory usage. Loaded Objects now: 2593.
Total: 2.692400 ms (FindLiveObjects: 0.274600 ms CreateObjectMapping: 0.061700 ms MarkObjects: 2.211800 ms  DeleteObjects: 0.143600 ms)

========================================================================
Received Prepare
Registering precompiled user dll's ...
Registered in 0.004156 seconds.
Begin MonoManager ReloadAssembly
Native extension for WindowsStandalone target not found
Native extension for WebGL target not found
Refreshing native plugins compatible for Editor in 0.54 ms, found 3 plugins.
Preloading 0 native plugins for Editor in 0.00 ms.
Mono: successfully reloaded assembly
- Completed reload, in  0.927 seconds
Platform modules already initialized, skipping
Refreshing native plugins compatible for Editor in 0.49 ms, found 3 plugins.
Preloading 0 native plugins for Editor in 0.00 ms.
Unloading 2081 Unused Serialized files (Serialized files now loaded: 0)
System memory in use before: 96.3 MB.
System memory in use after: 96.2 MB.

Unloading 21 unused Assets to reduce memory usage. Loaded Objects now: 2597.
Total: 2.845800 ms (FindLiveObjects: 0.227200 ms CreateObjectMapping: 0.079100 ms MarkObjects: 2.411800 ms  DeleteObjects: 0.126700 ms)

========================================================================
Received Prepare
Registering precompiled user dll's ...
Registered in 0.005627 seconds.
Begin MonoManager ReloadAssembly
Native extension for WindowsStandalone target not found
Native extension for WebGL target not found
Refreshing native plugins compatible for Editor in 0.56 ms, found 3 plugins.
Preloading 0 native plugins for Editor in 0.00 ms.
Mono: successfully reloaded assembly
- Completed reload, in  0.990 seconds
Platform modules already initialized, skipping
Refreshing native plugins compatible for Editor in 0.51 ms, found 3 plugins.
Preloading 0 native plugins for Editor in 0.00 ms.
Unloading 2081 Unused Serialized files (Serialized files now loaded: 0)
System memory in use before: 96.3 MB.
System memory in use after: 96.2 MB.

Unloading 21 unused Assets to reduce memory usage. Loaded Objects now: 2601.
Total: 2.670900 ms (FindLiveObjects: 0.302100 ms CreateObjectMapping: 0.083700 ms MarkObjects: 2.139000 ms  DeleteObjects: 0.145400 ms)

========================================================================
Received Prepare
Registering precompiled user dll's ...
Registered in 0.006031 seconds.
Begin MonoManager ReloadAssembly
Native extension for WindowsStandalone target not found
Native extension for WebGL target not found
Refreshing native plugins compatible for Editor in 0.45 ms, found 3 plugins.
Preloading 0 native plugins for Editor in 0.00 ms.
Mono: successfully reloaded assembly
- Completed reload, in  0.972 seconds
Platform modules already initialized, skipping
Refreshing native plugins compatible for Editor in 0.47 ms, found 3 plugins.
Preloading 0 native plugins for Editor in 0.00 ms.
Unloading 2081 Unused Serialized files (Serialized files now loaded: 0)
System memory in use before: 96.3 MB.
System memory in use after: 96.3 MB.

Unloading 21 unused Assets to reduce memory usage. Loaded Objects now: 2605.
Total: 2.689500 ms (FindLiveObjects: 0.218200 ms CreateObjectMapping: 0.058100 ms MarkObjects: 2.268000 ms  DeleteObjects: 0.144400 ms)

========================================================================
Received Import Request.
  Time since last request: 152.238103 seconds.
  path: Assets/Prefabs/Level.prefab
  artifactKey: Guid(5f795b28d068e284ba46de89d9b7298f) Importer(815301076,1909f56bfc062723c751e8b465ee728b)
Start importing Assets/Prefabs/Level.prefab using Guid(5f795b28d068e284ba46de89d9b7298f) Importer(815301076,1909f56bfc062723c751e8b465ee728b)  -> (artifact id: '3260cce8dd526bc277a73be0ee0ae493') in 0.022520 seconds
  Import took 0.025691 seconds .

========================================================================
Received Prepare
Registering precompiled user dll's ...
Registered in 0.005564 seconds.
Begin MonoManager ReloadAssembly
Native extension for WindowsStandalone target not found
Native extension for WebGL target not found
Refreshing native plugins compatible for Editor in 0.56 ms, found 3 plugins.
Preloading 0 native plugins for Editor in 0.00 ms.
Mono: successfully reloaded assembly
- Completed reload, in  1.030 seconds
Platform modules already initialized, skipping
Refreshing native plugins compatible for Editor in 0.48 ms, found 3 plugins.
Preloading 0 native plugins for Editor in 0.00 ms.
Unloading 2081 Unused Serialized files (Serialized files now loaded: 0)
System memory in use before: 96.3 MB.
System memory in use after: 96.3 MB.

Unloading 21 unused Assets to reduce memory usage. Loaded Objects now: 2609.
Total: 2.684200 ms (FindLiveObjects: 0.311400 ms CreateObjectMapping: 0.066500 ms MarkObjects: 2.151600 ms  DeleteObjects: 0.153600 ms)

========================================================================
Received Prepare
Registering precompiled user dll's ...
Registered in 0.004220 seconds.
Begin MonoManager ReloadAssembly
Native extension for WindowsStandalone target not found
Native extension for WebGL target not found
Refreshing native plugins compatible for Editor in 0.48 ms, found 3 plugins.
Preloading 0 native plugins for Editor in 0.00 ms.
Mono: successfully reloaded assembly
- Completed reload, in  0.943 seconds
Platform modules already initialized, skipping
Refreshing native plugins compatible for Editor in 0.45 ms, found 3 plugins.
Preloading 0 native plugins for Editor in 0.00 ms.
Unloading 2081 Unused Serialized files (Serialized files now loaded: 0)
System memory in use before: 96.3 MB.
System memory in use after: 96.3 MB.

Unloading 21 unused Assets to reduce memory usage. Loaded Objects now: 2613.
Total: 2.818400 ms (FindLiveObjects: 0.208800 ms CreateObjectMapping: 0.079300 ms MarkObjects: 2.414800 ms  DeleteObjects: 0.114300 ms)

========================================================================
Received Prepare
Registering precompiled user dll's ...
Registered in 0.004034 seconds.
Begin MonoManager ReloadAssembly
Native extension for WindowsStandalone target not found
Native extension for WebGL target not found
Refreshing native plugins compatible for Editor in 0.45 ms, found 3 plugins.
Preloading 0 native plugins for Editor in 0.00 ms.
Mono: successfully reloaded assembly
- Completed reload, in  0.931 seconds
Platform modules already initialized, skipping
Refreshing native plugins compatible for Editor in 0.51 ms, found 3 plugins.
Preloading 0 native plugins for Editor in 0.00 ms.
Unloading 2081 Unused Serialized files (Serialized files now loaded: 0)
System memory in use before: 96.3 MB.
System memory in use after: 96.3 MB.

Unloading 21 unused Assets to reduce memory usage. Loaded Objects now: 2617.
Total: 2.569700 ms (FindLiveObjects: 0.223300 ms CreateObjectMapping: 0.059900 ms MarkObjects: 2.148800 ms  DeleteObjects: 0.136700 ms)

========================================================================
Received Import Request.
  Time since last request: 452.903925 seconds.
  path: Assets/Scenes/Level 2.unity
  artifactKey: Guid(56922a30e76a9c14aa8597706f23739a) Importer(815301076,1909f56bfc062723c751e8b465ee728b)
Start importing Assets/Scenes/Level 2.unity using Guid(56922a30e76a9c14aa8597706f23739a) Importer(815301076,1909f56bfc062723c751e8b465ee728b)  -> (artifact id: '5c42498da5a7e6bf6d702f58a308e92d') in 0.017116 seconds
  Import took 0.021715 seconds .

========================================================================
Received Prepare
Registering precompiled user dll's ...
Registered in 0.004101 seconds.
Begin MonoManager ReloadAssembly
Native extension for WindowsStandalone target not found
Native extension for WebGL target not found
Refreshing native plugins compatible for Editor in 0.49 ms, found 3 plugins.
Preloading 0 native plugins for Editor in 0.00 ms.
Mono: successfully reloaded assembly
- Completed reload, in  0.938 seconds
Platform modules already initialized, skipping
Refreshing native plugins compatible for Editor in 0.47 ms, found 3 plugins.
Preloading 0 native plugins for Editor in 0.00 ms.
Unloading 2081 Unused Serialized files (Serialized files now loaded: 0)
System memory in use before: 96.3 MB.
System memory in use after: 96.3 MB.

Unloading 21 unused Assets to reduce memory usage. Loaded Objects now: 2621.
Total: 2.815900 ms (FindLiveObjects: 0.231200 ms CreateObjectMapping: 0.074500 ms MarkObjects: 2.391700 ms  DeleteObjects: 0.117200 ms)

========================================================================
Received Prepare
Registering precompiled user dll's ...
Registered in 0.003991 seconds.
Begin MonoManager ReloadAssembly
Native extension for WindowsStandalone target not found
Native extension for WebGL target not found
Refreshing native plugins compatible for Editor in 0.46 ms, found 3 plugins.
Preloading 0 native plugins for Editor in 0.00 ms.
Mono: successfully reloaded assembly
- Completed reload, in  0.924 seconds
Platform modules already initialized, skipping
Refreshing native plugins compatible for Editor in 0.47 ms, found 3 plugins.
Preloading 0 native plugins for Editor in 0.00 ms.
Unloading 2081 Unused Serialized files (Serialized files now loaded: 0)
System memory in use before: 96.3 MB.
System memory in use after: 96.3 MB.

Unloading 21 unused Assets to reduce memory usage. Loaded Objects now: 2625.
Total: 2.447300 ms (FindLiveObjects: 0.193400 ms CreateObjectMapping: 0.067500 ms MarkObjects: 2.068100 ms  DeleteObjects: 0.117400 ms)

========================================================================
Received Import Request.
  Time since last request: 110.379059 seconds.
  path: Assets/Scenes/Level 1.unity
  artifactKey: Guid(0ff257ac33c42f34d9e6e3fe4dc6b077) Importer(815301076,1909f56bfc062723c751e8b465ee728b)
Start importing Assets/Scenes/Level 1.unity using Guid(0ff257ac33c42f34d9e6e3fe4dc6b077) Importer(815301076,1909f56bfc062723c751e8b465ee728b)  -> (artifact id: 'fd886d0b1005cb9f68d9d8157e8c1969') in 0.018799 seconds
  Import took 0.022908 seconds .

========================================================================
Received Prepare
Registering precompiled user dll's ...
Registered in 0.005665 seconds.
Begin MonoManager ReloadAssembly
Native extension for WindowsStandalone target not found
Native extension for WebGL target not found
Refreshing native plugins compatible for Editor in 0.46 ms, found 3 plugins.
Preloading 0 native plugins for Editor in 0.00 ms.
Mono: successfully reloaded assembly
- Completed reload, in  1.488 seconds
Platform modules already initialized, skipping
Refreshing native plugins compatible for Editor in 0.46 ms, found 3 plugins.
Preloading 0 native plugins for Editor in 0.00 ms.
Unloading 2081 Unused Serialized files (Serialized files now loaded: 0)
System memory in use before: 96.3 MB.
System memory in use after: 96.3 MB.

Unloading 21 unused Assets to reduce memory usage. Loaded Objects now: 2629.
Total: 2.538200 ms (FindLiveObjects: 0.220800 ms CreateObjectMapping: 0.060200 ms MarkObjects: 2.092000 ms  DeleteObjects: 0.164400 ms)

========================================================================
Received Import Request.
  Time since last request: 109.699975 seconds.
  path: Assets/Prefabs/Game Status.prefab
  artifactKey: Guid(67d5462920cc0f140a0af34ddc775f03) Importer(815301076,1909f56bfc062723c751e8b465ee728b)
Start importing Assets/Prefabs/Game Status.prefab using Guid(67d5462920cc0f140a0af34ddc775f03) Importer(815301076,1909f56bfc062723c751e8b465ee728b)  -> (artifact id: 'a4a9e50d2b2b87b882c3d54f9f3f1dd5') in 0.041038 seconds
  Import took 0.047978 seconds .

========================================================================
Received Import Request.
  Time since last request: 0.001870 seconds.
  path: Assets/Prefabs/Game Status.prefab
  artifactKey: Guid(67d5462920cc0f140a0af34ddc775f03) Importer(815301076,1909f56bfc062723c751e8b465ee728b)
Start importing Assets/Prefabs/Game Status.prefab using Guid(67d5462920cc0f140a0af34ddc775f03) Importer(815301076,1909f56bfc062723c751e8b465ee728b)  -> (artifact id: 'a4a9e50d2b2b87b882c3d54f9f3f1dd5') in 0.007465 seconds
  Import took 0.012449 seconds .

========================================================================
Received Prepare
Registering precompiled user dll's ...
Registered in 0.004950 seconds.
Begin MonoManager ReloadAssembly
Native extension for WindowsStandalone target not found
Native extension for WebGL target not found
Refreshing native plugins compatible for Editor in 0.45 ms, found 3 plugins.
Preloading 0 native plugins for Editor in 0.00 ms.
Mono: successfully reloaded assembly
- Completed reload, in  1.049 seconds
Platform modules already initialized, skipping
Refreshing native plugins compatible for Editor in 0.55 ms, found 3 plugins.
Preloading 0 native plugins for Editor in 0.00 ms.
Unloading 2082 Unused Serialized files (Serialized files now loaded: 0)
System memory in use before: 96.4 MB.
System memory in use after: 96.4 MB.

Unloading 21 unused Assets to reduce memory usage. Loaded Objects now: 2634.
Total: 3.619200 ms (FindLiveObjects: 0.248500 ms CreateObjectMapping: 0.063800 ms MarkObjects: 3.121200 ms  DeleteObjects: 0.184600 ms)

========================================================================
Received Prepare
Registering precompiled user dll's ...
Registered in 0.004254 seconds.
Begin MonoManager ReloadAssembly
Native extension for WindowsStandalone target not found
Native extension for WebGL target not found
Refreshing native plugins compatible for Editor in 0.51 ms, found 3 plugins.
Preloading 0 native plugins for Editor in 0.00 ms.
Mono: successfully reloaded assembly
- Completed reload, in  1.339 seconds
Platform modules already initialized, skipping
Refreshing native plugins compatible for Editor in 0.54 ms, found 3 plugins.
Preloading 0 native plugins for Editor in 0.00 ms.
Unloading 2082 Unused Serialized files (Serialized files now loaded: 0)
System memory in use before: 96.4 MB.
System memory in use after: 96.4 MB.

Unloading 21 unused Assets to reduce memory usage. Loaded Objects now: 2638.
Total: 3.970500 ms (FindLiveObjects: 0.329700 ms CreateObjectMapping: 0.120600 ms MarkObjects: 3.354000 ms  DeleteObjects: 0.164400 ms)

========================================================================
Received Import Request.
  Time since last request: 30.506697 seconds.
  path: Assets/Scripts/Game_Status.cs
  artifactKey: Guid(3d629eca85ca3664b8b97d0d29c647af) Importer(815301076,1909f56bfc062723c751e8b465ee728b)
Start importing Assets/Scripts/Game_Status.cs using Guid(3d629eca85ca3664b8b97d0d29c647af) Importer(815301076,1909f56bfc062723c751e8b465ee728b)  -> (artifact id: '00b3bb5a6f82a7a546133c519977cbe8') in 0.029539 seconds
  Import took 0.082157 seconds .

========================================================================
Received Prepare
Registering precompiled user dll's ...
Registered in 0.005164 seconds.
Begin MonoManager ReloadAssembly
Native extension for WindowsStandalone target not found
Native extension for WebGL target not found
Refreshing native plugins compatible for Editor in 0.50 ms, found 3 plugins.
Preloading 0 native plugins for Editor in 0.00 ms.
Mono: successfully reloaded assembly
- Completed reload, in  0.994 seconds
Platform modules already initialized, skipping
Refreshing native plugins compatible for Editor in 0.45 ms, found 3 plugins.
Preloading 0 native plugins for Editor in 0.00 ms.
Unloading 2082 Unused Serialized files (Serialized files now loaded: 0)
System memory in use before: 96.4 MB.
System memory in use after: 96.4 MB.

Unloading 21 unused Assets to reduce memory usage. Loaded Objects now: 2642.
Total: 3.274100 ms (FindLiveObjects: 0.234600 ms CreateObjectMapping: 0.066400 ms MarkObjects: 2.725600 ms  DeleteObjects: 0.246500 ms)

========================================================================
Received Import Request.
  Time since last request: 98.242176 seconds.
  path: Assets/Scripts/Game_Status.cs
  artifactKey: Guid(3d629eca85ca3664b8b97d0d29c647af) Importer(815301076,1909f56bfc062723c751e8b465ee728b)
Start importing Assets/Scripts/Game_Status.cs using Guid(3d629eca85ca3664b8b97d0d29c647af) Importer(815301076,1909f56bfc062723c751e8b465ee728b)  -> (artifact id: '4309d7aeb8e1272ca583c2d245fda012') in 0.005622 seconds
  Import took 0.010298 seconds .

========================================================================
Received Prepare
Registering precompiled user dll's ...
Registered in 0.004484 seconds.
Begin MonoManager ReloadAssembly
Native extension for WindowsStandalone target not found
Native extension for WebGL target not found
Refreshing native plugins compatible for Editor in 0.46 ms, found 3 plugins.
Preloading 0 native plugins for Editor in 0.00 ms.
Mono: successfully reloaded assembly
- Completed reload, in  0.988 seconds
Platform modules already initialized, skipping
Refreshing native plugins compatible for Editor in 0.48 ms, found 3 plugins.
Preloading 0 native plugins for Editor in 0.00 ms.
Unloading 2082 Unused Serialized files (Serialized files now loaded: 0)
System memory in use before: 96.4 MB.
System memory in use after: 96.4 MB.

Unloading 21 unused Assets to reduce memory usage. Loaded Objects now: 2646.
Total: 2.460300 ms (FindLiveObjects: 0.209100 ms CreateObjectMapping: 0.069900 ms MarkObjects: 2.032900 ms  DeleteObjects: 0.147500 ms)

========================================================================
Received Import Request.
  Time since last request: 162.471211 seconds.
  path: Assets/Prefabs/Game Status.prefab
  artifactKey: Guid(67d5462920cc0f140a0af34ddc775f03) Importer(815301076,1909f56bfc062723c751e8b465ee728b)
Start importing Assets/Prefabs/Game Status.prefab using Guid(67d5462920cc0f140a0af34ddc775f03) Importer(815301076,1909f56bfc062723c751e8b465ee728b)  -> (artifact id: '9f4f0dd9e7757c3d356c2330ad55e617') in 0.036520 seconds
  Import took 0.043648 seconds .

========================================================================
Received Import Request.
  Time since last request: 59.748641 seconds.
  path: Assets/Scenes/Level 2.unity
  artifactKey: Guid(56922a30e76a9c14aa8597706f23739a) Importer(815301076,1909f56bfc062723c751e8b465ee728b)
Start importing Assets/Scenes/Level 2.unity using Guid(56922a30e76a9c14aa8597706f23739a) Importer(815301076,1909f56bfc062723c751e8b465ee728b)  -> (artifact id: '553126253dd188bffe66abbf3709368a') in 0.004501 seconds
  Import took 0.009954 seconds .

========================================================================
Received Import Request.
  Time since last request: 0.002208 seconds.
  path: Assets/Scenes/Level 2.unity
  artifactKey: Guid(56922a30e76a9c14aa8597706f23739a) Importer(815301076,1909f56bfc062723c751e8b465ee728b)
Start importing Assets/Scenes/Level 2.unity using Guid(56922a30e76a9c14aa8597706f23739a) Importer(815301076,1909f56bfc062723c751e8b465ee728b)  -> (artifact id: '553126253dd188bffe66abbf3709368a') in 0.004212 seconds
  Import took 0.009371 seconds .

========================================================================
Received Prepare
Registering precompiled user dll's ...
Registered in 0.005174 seconds.
Begin MonoManager ReloadAssembly
Native extension for WindowsStandalone target not found
Native extension for WebGL target not found
Refreshing native plugins compatible for Editor in 0.50 ms, found 3 plugins.
Preloading 0 native plugins for Editor in 0.00 ms.
Mono: successfully reloaded assembly
- Completed reload, in  1.044 seconds
Platform modules already initialized, skipping
Refreshing native plugins compatible for Editor in 0.47 ms, found 3 plugins.
Preloading 0 native plugins for Editor in 0.00 ms.
Unloading 2082 Unused Serialized files (Serialized files now loaded: 0)
System memory in use before: 96.4 MB.
System memory in use after: 96.4 MB.

Unloading 21 unused Assets to reduce memory usage. Loaded Objects now: 2650.
Total: 2.348900 ms (FindLiveObjects: 0.183000 ms CreateObjectMapping: 0.060500 ms MarkObjects: 1.961000 ms  DeleteObjects: 0.143500 ms)

========================================================================
Received Import Request.
  Time since last request: 28.118438 seconds.
  path: Assets/Scenes/Level 1.unity
  artifactKey: Guid(0ff257ac33c42f34d9e6e3fe4dc6b077) Importer(815301076,1909f56bfc062723c751e8b465ee728b)
Start importing Assets/Scenes/Level 1.unity using Guid(0ff257ac33c42f34d9e6e3fe4dc6b077) Importer(815301076,1909f56bfc062723c751e8b465ee728b)  -> (artifact id: 'c18c388e5e4027f11c1c378a82fc419c') in 0.017086 seconds
  Import took 0.078896 seconds .

========================================================================
Received Prepare
Registering precompiled user dll's ...
Registered in 0.005814 seconds.
Begin MonoManager ReloadAssembly
Native extension for WindowsStandalone target not found
Native extension for WebGL target not found
Refreshing native plugins compatible for Editor in 0.92 ms, found 3 plugins.
Preloading 0 native plugins for Editor in 0.00 ms.
Mono: successfully reloaded assembly
- Completed reload, in  1.037 seconds
Platform modules already initialized, skipping
Refreshing native plugins compatible for Editor in 0.45 ms, found 3 plugins.
Preloading 0 native plugins for Editor in 0.00 ms.
Unloading 2082 Unused Serialized files (Serialized files now loaded: 0)
System memory in use before: 96.4 MB.
System memory in use after: 96.4 MB.

Unloading 21 unused Assets to reduce memory usage. Loaded Objects now: 2654.
Total: 2.497200 ms (FindLiveObjects: 0.225500 ms CreateObjectMapping: 0.059800 ms MarkObjects: 2.061500 ms  DeleteObjects: 0.149500 ms)

========================================================================
Received Prepare
Registering precompiled user dll's ...
Registered in 0.004244 seconds.
Begin MonoManager ReloadAssembly
Native extension for WindowsStandalone target not found
Native extension for WebGL target not found
Refreshing native plugins compatible for Editor in 0.44 ms, found 3 plugins.
Preloading 0 native plugins for Editor in 0.00 ms.
Mono: successfully reloaded assembly
- Completed reload, in  1.007 seconds
Platform modules already initialized, skipping
Refreshing native plugins compatible for Editor in 0.51 ms, found 3 plugins.
Preloading 0 native plugins for Editor in 0.00 ms.
Unloading 2082 Unused Serialized files (Serialized files now loaded: 0)
System memory in use before: 96.4 MB.
System memory in use after: 96.4 MB.

Unloading 21 unused Assets to reduce memory usage. Loaded Objects now: 2658.
Total: 2.405100 ms (FindLiveObjects: 0.226900 ms CreateObjectMapping: 0.122300 ms MarkObjects: 1.909900 ms  DeleteObjects: 0.145000 ms)

========================================================================
Received Prepare
Registering precompiled user dll's ...
Registered in 0.004012 seconds.
Begin MonoManager ReloadAssembly
Native extension for WindowsStandalone target not found
Native extension for WebGL target not found
Refreshing native plugins compatible for Editor in 0.45 ms, found 3 plugins.
Preloading 0 native plugins for Editor in 0.00 ms.
Mono: successfully reloaded assembly
- Completed reload, in  0.991 seconds
Platform modules already initialized, skipping
Refreshing native plugins compatible for Editor in 0.48 ms, found 3 plugins.
Preloading 0 native plugins for Editor in 0.00 ms.
Unloading 2082 Unused Serialized files (Serialized files now loaded: 0)
System memory in use before: 96.4 MB.
System memory in use after: 96.4 MB.

Unloading 21 unused Assets to reduce memory usage. Loaded Objects now: 2662.
Total: 2.358500 ms (FindLiveObjects: 0.192600 ms CreateObjectMapping: 0.063700 ms MarkObjects: 1.978900 ms  DeleteObjects: 0.122400 ms)

========================================================================
Received Prepare
Registering precompiled user dll's ...
Registered in 0.004319 seconds.
Begin MonoManager ReloadAssembly
Native extension for WindowsStandalone target not found
Native extension for WebGL target not found
Refreshing native plugins compatible for Editor in 0.45 ms, found 3 plugins.
Preloading 0 native plugins for Editor in 0.00 ms.
Mono: successfully reloaded assembly
- Completed reload, in  1.058 seconds
Platform modules already initialized, skipping
Refreshing native plugins compatible for Editor in 0.45 ms, found 3 plugins.
Preloading 0 native plugins for Editor in 0.00 ms.
Unloading 2082 Unused Serialized files (Serialized files now loaded: 0)
System memory in use before: 96.4 MB.
System memory in use after: 96.4 MB.

Unloading 21 unused Assets to reduce memory usage. Loaded Objects now: 2666.
Total: 2.283200 ms (FindLiveObjects: 0.225300 ms CreateObjectMapping: 0.073900 ms MarkObjects: 1.837800 ms  DeleteObjects: 0.145200 ms)

========================================================================
Received Import Request.
  Time since last request: 1691.777191 seconds.
  path: Assets/Scenes/Breakout Menu Screen.unity
  artifactKey: Guid(d541fcb7b14de8441900e50cf892a6a6) Importer(815301076,1909f56bfc062723c751e8b465ee728b)
Start importing Assets/Scenes/Breakout Menu Screen.unity using Guid(d541fcb7b14de8441900e50cf892a6a6) Importer(815301076,1909f56bfc062723c751e8b465ee728b)  -> (artifact id: '44039a8ba659d254276296fdeb5569b3') in 0.027499 seconds
  Import took 0.032192 seconds .

========================================================================
Received Import Request.
  Time since last request: 1.468033 seconds.
  path: Assets/Scenes/Game Over.unity
  artifactKey: Guid(121dce79b1510d844b02f6f33d14ac51) Importer(815301076,1909f56bfc062723c751e8b465ee728b)
Start importing Assets/Scenes/Game Over.unity using Guid(121dce79b1510d844b02f6f33d14ac51) Importer(815301076,1909f56bfc062723c751e8b465ee728b)  -> (artifact id: '80b38265ffc61a99c0a1744d2a5b5481') in 0.014038 seconds
  Import took 0.020060 seconds .

========================================================================
Received Import Request.
  Time since last request: 11.302444 seconds.
  path: Assets/Scenes/Level 1.unity
  artifactKey: Guid(0ff257ac33c42f34d9e6e3fe4dc6b077) Importer(815301076,1909f56bfc062723c751e8b465ee728b)
Start importing Assets/Scenes/Level 1.unity using Guid(0ff257ac33c42f34d9e6e3fe4dc6b077) Importer(815301076,1909f56bfc062723c751e8b465ee728b)  -> (artifact id: '190c369192c089c2b853edaf3893e635') in 0.005534 seconds
  Import took 0.014263 seconds .

========================================================================
Received Import Request.
  Time since last request: 61.625127 seconds.
  path: Assets/Prefabs/Game Status.prefab
  artifactKey: Guid(67d5462920cc0f140a0af34ddc775f03) Importer(815301076,1909f56bfc062723c751e8b465ee728b)
Start importing Assets/Prefabs/Game Status.prefab using Guid(67d5462920cc0f140a0af34ddc775f03) Importer(815301076,1909f56bfc062723c751e8b465ee728b)  -> (artifact id: '3fa76f96eab486c230240bf930944029') in 0.019115 seconds
  Import took 0.024309 seconds .

========================================================================
Received Import Request.
  Time since last request: 629.962797 seconds.
  path: Assets/Prefabs/Canvas.prefab
  artifactKey: Guid(b951387767833f84cb5e4a54b1994473) Importer(815301076,1909f56bfc062723c751e8b465ee728b)
Start importing Assets/Prefabs/Canvas.prefab using Guid(b951387767833f84cb5e4a54b1994473) Importer(815301076,1909f56bfc062723c751e8b465ee728b)  -> (artifact id: '1fd48cc75daad2de270643b4a0d3c7fb') in 0.028704 seconds
  Import took 0.035236 seconds .

========================================================================
Received Prepare
Registering precompiled user dll's ...
Registered in 0.004656 seconds.
Begin MonoManager ReloadAssembly
Native extension for WindowsStandalone target not found
Native extension for WebGL target not found
Refreshing native plugins compatible for Editor in 0.51 ms, found 3 plugins.
Preloading 0 native plugins for Editor in 0.00 ms.
Mono: successfully reloaded assembly
- Completed reload, in  1.028 seconds
Platform modules already initialized, skipping
Refreshing native plugins compatible for Editor in 0.49 ms, found 3 plugins.
Preloading 0 native plugins for Editor in 0.00 ms.
Unloading 2082 Unused Serialized files (Serialized files now loaded: 0)
System memory in use before: 96.5 MB.
System memory in use after: 96.5 MB.

Unloading 21 unused Assets to reduce memory usage. Loaded Objects now: 2672.
Total: 2.637000 ms (FindLiveObjects: 0.271900 ms CreateObjectMapping: 0.081400 ms MarkObjects: 2.115200 ms  DeleteObjects: 0.167400 ms)

========================================================================
Received Import Request.
  Time since last request: 595.764700 seconds.
  path: Assets/Prefabs/Game Status.prefab
  artifactKey: Guid(67d5462920cc0f140a0af34ddc775f03) Importer(815301076,1909f56bfc062723c751e8b465ee728b)
Start importing Assets/Prefabs/Game Status.prefab using Guid(67d5462920cc0f140a0af34ddc775f03) Importer(815301076,1909f56bfc062723c751e8b465ee728b)  -> (artifact id: 'c59b1ab68b4f112c28ffb18370dc808a') in 0.020268 seconds
  Import took 0.024553 seconds .

========================================================================
Received Prepare
Registering precompiled user dll's ...
Registered in 0.004336 seconds.
Begin MonoManager ReloadAssembly
Native extension for WindowsStandalone target not found
Native extension for WebGL target not found
Refreshing native plugins compatible for Editor in 0.47 ms, found 3 plugins.
Preloading 0 native plugins for Editor in 0.00 ms.
Mono: successfully reloaded assembly
- Completed reload, in  0.933 seconds
Platform modules already initialized, skipping
Refreshing native plugins compatible for Editor in 0.44 ms, found 3 plugins.
Preloading 0 native plugins for Editor in 0.00 ms.
Unloading 2082 Unused Serialized files (Serialized files now loaded: 0)
System memory in use before: 96.5 MB.
System memory in use after: 96.5 MB.

Unloading 21 unused Assets to reduce memory usage. Loaded Objects now: 2676.
Total: 2.352000 ms (FindLiveObjects: 0.195000 ms CreateObjectMapping: 0.069500 ms MarkObjects: 1.940700 ms  DeleteObjects: 0.145900 ms)

========================================================================
Received Import Request.
  Time since last request: 127.808137 seconds.
  path: Assets/Scenes/Level 2.unity
  artifactKey: Guid(56922a30e76a9c14aa8597706f23739a) Importer(815301076,1909f56bfc062723c751e8b465ee728b)
Start importing Assets/Scenes/Level 2.unity using Guid(56922a30e76a9c14aa8597706f23739a) Importer(815301076,1909f56bfc062723c751e8b465ee728b)  -> (artifact id: 'f286cc4e94e467d626ef35695f2376aa') in 0.012664 seconds
  Import took 0.017506 seconds .

========================================================================
Received Prepare
Registering precompiled user dll's ...
Registered in 0.004143 seconds.
Begin MonoManager ReloadAssembly
Native extension for WindowsStandalone target not found
Native extension for WebGL target not found
Refreshing native plugins compatible for Editor in 0.45 ms, found 3 plugins.
Preloading 0 native plugins for Editor in 0.00 ms.
Mono: successfully reloaded assembly
- Completed reload, in  1.009 seconds
Platform modules already initialized, skipping
Refreshing native plugins compatible for Editor in 0.51 ms, found 3 plugins.
Preloading 0 native plugins for Editor in 0.00 ms.
Unloading 2082 Unused Serialized files (Serialized files now loaded: 0)
System memory in use before: 96.5 MB.
System memory in use after: 96.5 MB.

Unloading 21 unused Assets to reduce memory usage. Loaded Objects now: 2680.
Total: 2.276000 ms (FindLiveObjects: 0.185500 ms CreateObjectMapping: 0.058400 ms MarkObjects: 1.889400 ms  DeleteObjects: 0.141800 ms)

========================================================================
Received Import Request.
  Time since last request: 621.058231 seconds.
  path: Assets/Scenes/Level 1.unity
  artifactKey: Guid(0ff257ac33c42f34d9e6e3fe4dc6b077) Importer(815301076,1909f56bfc062723c751e8b465ee728b)
Start importing Assets/Scenes/Level 1.unity using Guid(0ff257ac33c42f34d9e6e3fe4dc6b077) Importer(815301076,1909f56bfc062723c751e8b465ee728b)  -> (artifact id: '7b2742406e83869be447f2c3ee0946b2') in 0.016313 seconds
  Import took 0.021779 seconds .

========================================================================
Received Import Request.
  Time since last request: 2.762403 seconds.
  path: Assets/Scenes/Level 2.unity
  artifactKey: Guid(56922a30e76a9c14aa8597706f23739a) Importer(815301076,1909f56bfc062723c751e8b465ee728b)
Start importing Assets/Scenes/Level 2.unity using Guid(56922a30e76a9c14aa8597706f23739a) Importer(815301076,1909f56bfc062723c751e8b465ee728b)  -> (artifact id: 'a081ee0d126559b69566c02956121b2e') in 0.004927 seconds
  Import took 0.011292 seconds .

========================================================================
Received Import Request.
  Time since last request: 0.000474 seconds.
  path: Assets/Scenes/Level 2.unity
  artifactKey: Guid(56922a30e76a9c14aa8597706f23739a) Importer(815301076,1909f56bfc062723c751e8b465ee728b)
Start importing Assets/Scenes/Level 2.unity using Guid(56922a30e76a9c14aa8597706f23739a) Importer(815301076,1909f56bfc062723c751e8b465ee728b)  -> (artifact id: 'a081ee0d126559b69566c02956121b2e') in 0.004612 seconds
  Import took 0.011305 seconds .

========================================================================
Received Prepare
Registering precompiled user dll's ...
Registered in 0.004182 seconds.
Begin MonoManager ReloadAssembly
Native extension for WindowsStandalone target not found
Native extension for WebGL target not found
Refreshing native plugins compatible for Editor in 0.45 ms, found 3 plugins.
Preloading 0 native plugins for Editor in 0.00 ms.
Mono: successfully reloaded assembly
- Completed reload, in  0.965 seconds
Platform modules already initialized, skipping
Refreshing native plugins compatible for Editor in 0.44 ms, found 3 plugins.
Preloading 0 native plugins for Editor in 0.00 ms.
Unloading 2082 Unused Serialized files (Serialized files now loaded: 0)
System memory in use before: 96.6 MB.
System memory in use after: 96.6 MB.

Unloading 21 unused Assets to reduce memory usage. Loaded Objects now: 2684.
Total: 2.257900 ms (FindLiveObjects: 0.198100 ms CreateObjectMapping: 0.072900 ms MarkObjects: 1.841100 ms  DeleteObjects: 0.144900 ms)

========================================================================
Received Import Request.
  Time since last request: 222.057660 seconds.
  path: Assets/Scenes/Level 1.unity
  artifactKey: Guid(0ff257ac33c42f34d9e6e3fe4dc6b077) Importer(815301076,1909f56bfc062723c751e8b465ee728b)
Start importing Assets/Scenes/Level 1.unity using Guid(0ff257ac33c42f34d9e6e3fe4dc6b077) Importer(815301076,1909f56bfc062723c751e8b465ee728b)  -> (artifact id: '99e03f2fc3bfe273bf0fbcfbf5087cd6') in 0.015095 seconds
  Import took 0.022019 seconds .

========================================================================
Received Prepare
Registering precompiled user dll's ...
Registered in 0.003995 seconds.
Begin MonoManager ReloadAssembly
Native extension for WindowsStandalone target not found
Native extension for WebGL target not found
Refreshing native plugins compatible for Editor in 0.45 ms, found 3 plugins.
Preloading 0 native plugins for Editor in 0.00 ms.
Mono: successfully reloaded assembly
- Completed reload, in  0.967 seconds
Platform modules already initialized, skipping
Refreshing native plugins compatible for Editor in 0.46 ms, found 3 plugins.
Preloading 0 native plugins for Editor in 0.00 ms.
Unloading 2082 Unused Serialized files (Serialized files now loaded: 0)
System memory in use before: 96.6 MB.
System memory in use after: 96.6 MB.

Unloading 21 unused Assets to reduce memory usage. Loaded Objects now: 2688.
Total: 2.581600 ms (FindLiveObjects: 0.246200 ms CreateObjectMapping: 0.086300 ms MarkObjects: 2.139500 ms  DeleteObjects: 0.108700 ms)

========================================================================
Received Prepare
Registering precompiled user dll's ...
Registered in 0.004007 seconds.
Begin MonoManager ReloadAssembly
Native extension for WindowsStandalone target not found
Native extension for WebGL target not found
Refreshing native plugins compatible for Editor in 0.40 ms, found 3 plugins.
Preloading 0 native plugins for Editor in 0.00 ms.
Mono: successfully reloaded assembly
- Completed reload, in  0.950 seconds
Platform modules already initialized, skipping
Refreshing native plugins compatible for Editor in 0.58 ms, found 3 plugins.
Preloading 0 native plugins for Editor in 0.00 ms.
Unloading 2082 Unused Serialized files (Serialized files now loaded: 0)
System memory in use before: 96.6 MB.
System memory in use after: 96.6 MB.

Unloading 21 unused Assets to reduce memory usage. Loaded Objects now: 2692.
Total: 2.643200 ms (FindLiveObjects: 0.246300 ms CreateObjectMapping: 0.089700 ms MarkObjects: 2.195200 ms  DeleteObjects: 0.111100 ms)

========================================================================
Received Import Request.
  Time since last request: 87.481580 seconds.
  path: Assets/Scenes/Level 2.unity
  artifactKey: Guid(56922a30e76a9c14aa8597706f23739a) Importer(815301076,1909f56bfc062723c751e8b465ee728b)
Start importing Assets/Scenes/Level 2.unity using Guid(56922a30e76a9c14aa8597706f23739a) Importer(815301076,1909f56bfc062723c751e8b465ee728b)  -> (artifact id: '4946c271fbe7d8db3ff7cd58f01eba82') in 0.024834 seconds
  Import took 0.028853 seconds .

========================================================================
Received Prepare
Registering precompiled user dll's ...
Registered in 0.004108 seconds.
Begin MonoManager ReloadAssembly
Native extension for WindowsStandalone target not found
Native extension for WebGL target not found
Refreshing native plugins compatible for Editor in 0.50 ms, found 3 plugins.
Preloading 0 native plugins for Editor in 0.00 ms.
Mono: successfully reloaded assembly
- Completed reload, in  0.976 seconds
Platform modules already initialized, skipping
Refreshing native plugins compatible for Editor in 0.47 ms, found 3 plugins.
Preloading 0 native plugins for Editor in 0.00 ms.
Unloading 2082 Unused Serialized files (Serialized files now loaded: 0)
System memory in use before: 96.6 MB.
System memory in use after: 96.6 MB.

Unloading 21 unused Assets to reduce memory usage. Loaded Objects now: 2696.
Total: 3.098400 ms (FindLiveObjects: 0.247600 ms CreateObjectMapping: 0.072600 ms MarkObjects: 2.627300 ms  DeleteObjects: 0.149700 ms)

========================================================================
Received Prepare
Registering precompiled user dll's ...
Registered in 0.004762 seconds.
Begin MonoManager ReloadAssembly
Native extension for WindowsStandalone target not found
Native extension for WebGL target not found
Refreshing native plugins compatible for Editor in 0.45 ms, found 3 plugins.
Preloading 0 native plugins for Editor in 0.00 ms.
Mono: successfully reloaded assembly
- Completed reload, in  0.973 seconds
Platform modules already initialized, skipping
Refreshing native plugins compatible for Editor in 0.44 ms, found 3 plugins.
Preloading 0 native plugins for Editor in 0.00 ms.
Unloading 2082 Unused Serialized files (Serialized files now loaded: 0)
System memory in use before: 96.6 MB.
System memory in use after: 96.6 MB.

Unloading 21 unused Assets to reduce memory usage. Loaded Objects now: 2700.
Total: 2.463400 ms (FindLiveObjects: 0.204900 ms CreateObjectMapping: 0.071800 ms MarkObjects: 2.023200 ms  DeleteObjects: 0.162700 ms)

========================================================================
Received Prepare
Registering precompiled user dll's ...
Registered in 0.004380 seconds.
Begin MonoManager ReloadAssembly
Native extension for WindowsStandalone target not found
Native extension for WebGL target not found
Refreshing native plugins compatible for Editor in 0.45 ms, found 3 plugins.
Preloading 0 native plugins for Editor in 0.00 ms.
Mono: successfully reloaded assembly
- Completed reload, in  1.011 seconds
Platform modules already initialized, skipping
Refreshing native plugins compatible for Editor in 0.52 ms, found 3 plugins.
Preloading 0 native plugins for Editor in 0.00 ms.
Unloading 2082 Unused Serialized files (Serialized files now loaded: 0)
System memory in use before: 96.7 MB.
System memory in use after: 96.6 MB.

Unloading 21 unused Assets to reduce memory usage. Loaded Objects now: 2704.
Total: 4.011500 ms (FindLiveObjects: 0.389300 ms CreateObjectMapping: 0.180400 ms MarkObjects: 3.246700 ms  DeleteObjects: 0.192200 ms)

========================================================================
Received Import Request.
  Time since last request: 139.808527 seconds.
  path: Assets/Prefabs/Game Status.prefab
  artifactKey: Guid(67d5462920cc0f140a0af34ddc775f03) Importer(815301076,1909f56bfc062723c751e8b465ee728b)
Start importing Assets/Prefabs/Game Status.prefab using Guid(67d5462920cc0f140a0af34ddc775f03) Importer(815301076,1909f56bfc062723c751e8b465ee728b)  -> (artifact id: '8c08abcbb8aea70e60e14962ae57520d') in 0.033966 seconds
  Import took 0.039007 seconds .

========================================================================
Received Prepare
Registering precompiled user dll's ...
Registered in 0.004028 seconds.
Begin MonoManager ReloadAssembly
Native extension for WindowsStandalone target not found
Native extension for WebGL target not found
Refreshing native plugins compatible for Editor in 0.56 ms, found 3 plugins.
Preloading 0 native plugins for Editor in 0.00 ms.
Mono: successfully reloaded assembly
- Completed reload, in  0.934 seconds
Platform modules already initialized, skipping
Refreshing native plugins compatible for Editor in 0.46 ms, found 3 plugins.
Preloading 0 native plugins for Editor in 0.00 ms.
Unloading 2082 Unused Serialized files (Serialized files now loaded: 0)
System memory in use before: 96.8 MB.
System memory in use after: 96.7 MB.

Unloading 21 unused Assets to reduce memory usage. Loaded Objects now: 2708.
Total: 2.688000 ms (FindLiveObjects: 0.291700 ms CreateObjectMapping: 0.084000 ms MarkObjects: 2.200200 ms  DeleteObjects: 0.111200 ms)

========================================================================
Received Prepare
Registering precompiled user dll's ...
Registered in 0.004190 seconds.
Begin MonoManager ReloadAssembly
Native extension for WindowsStandalone target not found
Native extension for WebGL target not found
Refreshing native plugins compatible for Editor in 0.46 ms, found 3 plugins.
Preloading 0 native plugins for Editor in 0.00 ms.
Mono: successfully reloaded assembly
- Completed reload, in  1.006 seconds
Platform modules already initialized, skipping
Refreshing native plugins compatible for Editor in 0.49 ms, found 3 plugins.
Preloading 0 native plugins for Editor in 0.00 ms.
Unloading 2082 Unused Serialized files (Serialized files now loaded: 0)
System memory in use before: 96.8 MB.
System memory in use after: 96.7 MB.

Unloading 21 unused Assets to reduce memory usage. Loaded Objects now: 2712.
Total: 3.082400 ms (FindLiveObjects: 0.294600 ms CreateObjectMapping: 0.096000 ms MarkObjects: 2.557200 ms  DeleteObjects: 0.133100 ms)

========================================================================
Received Prepare
Registering precompiled user dll's ...
Registered in 0.004227 seconds.
Begin MonoManager ReloadAssembly
Native extension for WindowsStandalone target not found
Native extension for WebGL target not found
Refreshing native plugins compatible for Editor in 0.52 ms, found 3 plugins.
Preloading 0 native plugins for Editor in 0.00 ms.
Mono: successfully reloaded assembly
- Completed reload, in  0.954 seconds
Platform modules already initialized, skipping
Refreshing native plugins compatible for Editor in 0.62 ms, found 3 plugins.
Preloading 0 native plugins for Editor in 0.00 ms.
Unloading 2082 Unused Serialized files (Serialized files now loaded: 0)
System memory in use before: 96.8 MB.
System memory in use after: 96.9 MB.

Unloading 21 unused Assets to reduce memory usage. Loaded Objects now: 2716.
Total: 3.559600 ms (FindLiveObjects: 0.315500 ms CreateObjectMapping: 0.105700 ms MarkObjects: 2.908700 ms  DeleteObjects: 0.227700 ms)

========================================================================
Received Import Request.
  Time since last request: 210.646707 seconds.
  path: Assets/Scenes/Level 2.unity
  artifactKey: Guid(56922a30e76a9c14aa8597706f23739a) Importer(815301076,1909f56bfc062723c751e8b465ee728b)
Start importing Assets/Scenes/Level 2.unity using Guid(56922a30e76a9c14aa8597706f23739a) Importer(815301076,1909f56bfc062723c751e8b465ee728b)  -> (artifact id: '589fe4a1a20028efa688cf9630aeab6d') in 0.018003 seconds
  Import took 0.024451 seconds .

========================================================================
Received Prepare
Registering precompiled user dll's ...
Registered in 0.004047 seconds.
Begin MonoManager ReloadAssembly
Native extension for WindowsStandalone target not found
Native extension for WebGL target not found
Refreshing native plugins compatible for Editor in 0.45 ms, found 3 plugins.
Preloading 0 native plugins for Editor in 0.00 ms.
Mono: successfully reloaded assembly
- Completed reload, in  1.012 seconds
Platform modules already initialized, skipping
Refreshing native plugins compatible for Editor in 0.47 ms, found 3 plugins.
Preloading 0 native plugins for Editor in 0.00 ms.
Unloading 2082 Unused Serialized files (Serialized files now loaded: 0)
System memory in use before: 96.8 MB.
System memory in use after: 96.9 MB.

Unloading 21 unused Assets to reduce memory usage. Loaded Objects now: 2720.
Total: 2.641100 ms (FindLiveObjects: 0.248200 ms CreateObjectMapping: 0.071700 ms MarkObjects: 2.171800 ms  DeleteObjects: 0.148500 ms)

========================================================================
Received Prepare
Registering precompiled user dll's ...
Registered in 0.015494 seconds.
Begin MonoManager ReloadAssembly
Native extension for WindowsStandalone target not found
Native extension for WebGL target not found
Refreshing native plugins compatible for Editor in 0.66 ms, found 3 plugins.
Preloading 0 native plugins for Editor in 0.00 ms.
Mono: successfully reloaded assembly
- Completed reload, in  1.185 seconds
Platform modules already initialized, skipping
Refreshing native plugins compatible for Editor in 0.70 ms, found 3 plugins.
Preloading 0 native plugins for Editor in 0.00 ms.
Unloading 2082 Unused Serialized files (Serialized files now loaded: 0)
System memory in use before: 96.8 MB.
System memory in use after: 96.9 MB.

Unloading 21 unused Assets to reduce memory usage. Loaded Objects now: 2724.
Total: 2.562900 ms (FindLiveObjects: 0.248700 ms CreateObjectMapping: 0.068900 ms MarkObjects: 2.125100 ms  DeleteObjects: 0.119200 ms)

========================================================================
Received Prepare
Registering precompiled user dll's ...
Registered in 0.015722 seconds.
Begin MonoManager ReloadAssembly
Native extension for WindowsStandalone target not found
Native extension for WebGL target not found
Refreshing native plugins compatible for Editor in 0.55 ms, found 3 plugins.
Preloading 0 native plugins for Editor in 0.00 ms.
Mono: successfully reloaded assembly
- Completed reload, in  1.317 seconds
Platform modules already initialized, skipping
Refreshing native plugins compatible for Editor in 0.45 ms, found 3 plugins.
Preloading 0 native plugins for Editor in 0.00 ms.
Unloading 2082 Unused Serialized files (Serialized files now loaded: 0)
System memory in use before: 96.8 MB.
System memory in use after: 96.9 MB.

Unloading 21 unused Assets to reduce memory usage. Loaded Objects now: 2728.
Total: 2.634600 ms (FindLiveObjects: 0.258300 ms CreateObjectMapping: 0.074900 ms MarkObjects: 2.131600 ms  DeleteObjects: 0.168800 ms)

AssetImportWorkerClient::OnTransportError - code=2 error=End of file
